<?xml version="1.0" encoding="UTF-8"?>
<!-- Generated by org.testng.reporters.JUnitReportReporter -->
<testsuite hostname="LAPTOP-GD5OSUEH" failures="0" tests="1" name="TestMain" time="0.007" errors="0" timestamp="2022-01-24T18:38:22 IST" skipped="0">
  <testcase classname="TestMain" name="testInputEven" time="0.007"/>
</testsuite> <!-- TestMain -->
